<?xml version="1.0" encoding="UTF-8"?>
<testng-results ignored="0" total="1" passed="1" failed="0" skipped="0">
  <reporter-output>
  </reporter-output>
  <suite started-at="2024-12-13T06:43:06 IST" name="Default suite" finished-at="2024-12-13T06:43:16 IST" duration-ms="10474">
    <groups>
      <group name="cucumber">
        <method signature="AbstractTestNGCucumberTests.runScenario(io.cucumber.testng.PickleWrapper,io.cucumber.testng.FeatureWrapper)[pri:0, instance:testcases.Runner@470734c3]" name="runScenario" class="io.cucumber.testng.AbstractTestNGCucumberTests"/>
      </group> <!-- cucumber -->
    </groups>
    <test started-at="2024-12-13T06:43:06 IST" name="Default test" finished-at="2024-12-13T06:43:16 IST" duration-ms="10474">
      <class name="testcases.Runner">
        <test-method is-config="true" signature="setUpClass()[pri:0, instance:testcases.Runner@470734c3]" started-at="2024-12-13T06:43:06 IST" name="setUpClass" finished-at="2024-12-13T06:43:06 IST" duration-ms="582" status="PASS">
          <reporter-output>
          </reporter-output>
        </test-method> <!-- setUpClass -->
        <test-method is-config="true" signature="preCondition()[pri:0, instance:testcases.Runner@470734c3]" started-at="2024-12-13T06:43:06 IST" name="preCondition" finished-at="2024-12-13T06:43:12 IST" duration-ms="5947" status="PASS">
          <reporter-output>
          </reporter-output>
        </test-method> <!-- preCondition -->
        <test-method signature="runScenario(io.cucumber.testng.PickleWrapper,io.cucumber.testng.FeatureWrapper)[pri:0, instance:testcases.Runner@470734c3]" started-at="2024-12-13T06:43:12 IST" name="runScenario" description="Runs Cucumber Scenarios" data-provider="scenarios" finished-at="2024-12-13T06:43:14 IST" duration-ms="1623" status="PASS">
          <params>
            <param index="0">
              <value>
                <![CDATA["Login with username and password - Positive Scenario"]]>
              </value>
            </param>
            <param index="1">
              <value>
                <![CDATA["Optional[Login Functionality]"]]>
              </value>
            </param>
          </params>
          <reporter-output>
          </reporter-output>
        </test-method> <!-- runScenario -->
        <test-method is-config="true" signature="postcondition()[pri:0, instance:testcases.Runner@470734c3]" started-at="2024-12-13T06:43:14 IST" name="postcondition" finished-at="2024-12-13T06:43:14 IST" duration-ms="227" status="PASS">
          <reporter-output>
          </reporter-output>
        </test-method> <!-- postcondition -->
        <test-method is-config="true" signature="tearDownClass()[pri:0, instance:testcases.Runner@470734c3]" started-at="2024-12-13T06:43:14 IST" name="tearDownClass" finished-at="2024-12-13T06:43:16 IST" duration-ms="2041" status="PASS">
          <reporter-output>
          </reporter-output>
        </test-method> <!-- tearDownClass -->
      </class> <!-- testcases.Runner -->
    </test> <!-- Default test -->
  </suite> <!-- Default suite -->
</testng-results>
